<?xml version="1.0" encoding="UTF-8"?>
<testng-results ignored="0" total="1" passed="1" failed="0" skipped="0">
  <reporter-output>
  </reporter-output>
  <suite started-at="2025-12-27T17:57:17 GMT+07:00" name="Surefire suite" finished-at="2025-12-27T17:58:11 GMT+07:00" duration-ms="53488">
    <groups>
      <group name="cucumber">
        <method signature="AbstractTestNGCucumberTests.runScenario(io.cucumber.testng.PickleWrapper,io.cucumber.testng.FeatureWrapper)[pri:0, instance:runners.TestRunner@60611244]" name="runScenario" class="io.cucumber.testng.AbstractTestNGCucumberTests"/>
      </group> <!-- cucumber -->
    </groups>
    <test started-at="2025-12-27T17:57:17 GMT+07:00" name="Surefire test" finished-at="2025-12-27T17:58:11 GMT+07:00" duration-ms="53488">
      <class name="runners.TestRunner">
        <test-method is-config="true" signature="setUpClass(org.testng.ITestContext)[pri:0, instance:runners.TestRunner@60611244]" started-at="2025-12-27T17:57:17 GMT+07:00" name="setUpClass" finished-at="2025-12-27T17:57:17 GMT+07:00" duration-ms="237" status="PASS">
          <params>
            <param index="0">
              <value>
                <![CDATA[org.testng.TestRunner@765d55d5]]>
              </value>
            </param>
          </params>
          <reporter-output>
          </reporter-output>
        </test-method> <!-- setUpClass -->
        <test-method signature="runScenario(io.cucumber.testng.PickleWrapper,io.cucumber.testng.FeatureWrapper)[pri:0, instance:runners.TestRunner@60611244]" started-at="2025-12-27T17:57:17 GMT+07:00" name="runScenario" description="Runs Cucumber Scenarios" data-provider="scenarios" finished-at="2025-12-27T17:58:10 GMT+07:00" duration-ms="53050" status="PASS">
          <params>
            <param index="0">
              <value>
                <![CDATA["Create and verify a new user"]]>
              </value>
            </param>
            <param index="1">
              <value>
                <![CDATA["User Management"]]>
              </value>
            </param>
          </params>
          <reporter-output>
          </reporter-output>
        </test-method> <!-- runScenario -->
        <test-method is-config="true" signature="tearDownClass()[pri:0, instance:runners.TestRunner@60611244]" started-at="2025-12-27T17:58:10 GMT+07:00" name="tearDownClass" finished-at="2025-12-27T17:58:11 GMT+07:00" duration-ms="128" status="PASS">
          <reporter-output>
          </reporter-output>
        </test-method> <!-- tearDownClass -->
      </class> <!-- runners.TestRunner -->
    </test> <!-- Surefire test -->
  </suite> <!-- Surefire suite -->
</testng-results>
